  Presecna ravan.cpp
Presecna ravan.cpp(40): warning C4244: '+=' : conversion from 'double' to 'GLfloat', possible loss of data
Presecna ravan.cpp(41): warning C4244: '+=' : conversion from 'double' to 'GLfloat', possible loss of data
Presecna ravan.cpp(43): warning C4244: '+=' : conversion from 'double' to 'GLfloat', possible loss of data
Presecna ravan.cpp(44): warning C4244: '+=' : conversion from 'double' to 'GLfloat', possible loss of data
Presecna ravan.cpp(176): warning C4244: 'argument' : conversion from 'GLdouble' to 'GLfloat', possible loss of data
Presecna ravan.cpp(176): warning C4244: 'argument' : conversion from 'GLdouble' to 'GLfloat', possible loss of data
Presecna ravan.cpp(176): warning C4244: 'argument' : conversion from 'GLdouble' to 'GLfloat', possible loss of data
Presecna ravan.cpp(181): warning C4305: 'argument' : truncation from 'double' to 'GLfloat'
Presecna ravan.cpp(181): warning C4305: 'argument' : truncation from 'double' to 'GLfloat'
Presecna ravan.cpp(181): warning C4305: 'argument' : truncation from 'double' to 'GLfloat'
Presecna ravan.cpp(185): warning C4305: 'argument' : truncation from 'double' to 'GLfloat'
Presecna ravan.cpp(185): warning C4305: 'argument' : truncation from 'double' to 'GLfloat'
Presecna ravan.cpp(185): warning C4305: 'argument' : truncation from 'double' to 'GLfloat'
Presecna ravan.cpp(189): warning C4305: 'argument' : truncation from 'double' to 'GLfloat'
Presecna ravan.cpp(189): warning C4305: 'argument' : truncation from 'double' to 'GLfloat'
Presecna ravan.cpp(189): warning C4305: 'argument' : truncation from 'double' to 'GLfloat'
Presecna ravan.cpp(200): warning C4305: 'argument' : truncation from 'double' to 'GLfloat'
Presecna ravan.cpp(200): warning C4305: 'argument' : truncation from 'double' to 'GLfloat'
Presecna ravan.cpp(205): warning C4305: 'argument' : truncation from 'double' to 'GLfloat'
Presecna ravan.cpp(205): warning C4305: 'argument' : truncation from 'double' to 'GLfloat'
Presecna ravan.cpp(210): warning C4305: 'argument' : truncation from 'double' to 'GLfloat'
Presecna ravan.cpp(210): warning C4305: 'argument' : truncation from 'double' to 'GLfloat'
Presecna ravan.cpp(222): warning C4305: 'argument' : truncation from 'double' to 'GLfloat'
Presecna ravan.cpp(231): warning C4305: 'argument' : truncation from 'double' to 'GLfloat'
Presecna ravan.cpp(232): warning C4305: 'argument' : truncation from 'double' to 'GLfloat'
Presecna ravan.cpp(233): warning C4305: 'argument' : truncation from 'double' to 'GLfloat'
Presecna ravan.cpp(233): warning C4305: 'argument' : truncation from 'double' to 'GLfloat'
Presecna ravan.cpp(234): warning C4305: 'argument' : truncation from 'double' to 'GLfloat'
Presecna ravan.cpp(235): warning C4305: 'argument' : truncation from 'double' to 'GLfloat'
Presecna ravan.cpp(235): warning C4305: 'argument' : truncation from 'double' to 'GLfloat'
Presecna ravan.cpp(240): warning C4305: 'argument' : truncation from 'double' to 'GLfloat'
Presecna ravan.cpp(241): warning C4305: 'argument' : truncation from 'double' to 'GLfloat'
Presecna ravan.cpp(242): warning C4305: 'argument' : truncation from 'double' to 'GLfloat'
Presecna ravan.cpp(242): warning C4305: 'argument' : truncation from 'double' to 'GLfloat'
Presecna ravan.cpp(243): warning C4305: 'argument' : truncation from 'double' to 'GLfloat'
Presecna ravan.cpp(244): warning C4305: 'argument' : truncation from 'double' to 'GLfloat'
Presecna ravan.cpp(244): warning C4305: 'argument' : truncation from 'double' to 'GLfloat'
Presecna ravan.cpp(249): warning C4305: 'argument' : truncation from 'double' to 'GLfloat'
Presecna ravan.cpp(250): warning C4305: 'argument' : truncation from 'double' to 'GLfloat'
Presecna ravan.cpp(251): warning C4305: 'argument' : truncation from 'double' to 'GLfloat'
Presecna ravan.cpp(251): warning C4305: 'argument' : truncation from 'double' to 'GLfloat'
Presecna ravan.cpp(252): warning C4305: 'argument' : truncation from 'double' to 'GLfloat'
Presecna ravan.cpp(253): warning C4305: 'argument' : truncation from 'double' to 'GLfloat'
Presecna ravan.cpp(253): warning C4305: 'argument' : truncation from 'double' to 'GLfloat'
Presecna ravan.cpp(257): warning C4305: 'argument' : truncation from 'double' to 'GLfloat'
Presecna ravan.cpp(257): warning C4305: 'argument' : truncation from 'double' to 'GLfloat'
Presecna ravan.cpp(258): warning C4305: 'argument' : truncation from 'double' to 'GLfloat'
Presecna ravan.cpp(258): warning C4305: 'argument' : truncation from 'double' to 'GLfloat'
Presecna ravan.cpp(259): warning C4305: 'argument' : truncation from 'double' to 'GLfloat'
Presecna ravan.cpp(259): warning C4305: 'argument' : truncation from 'double' to 'GLfloat'
Presecna ravan.cpp(264): warning C4305: 'argument' : truncation from 'double' to 'GLfloat'
Presecna ravan.cpp(265): warning C4305: 'argument' : truncation from 'double' to 'GLfloat'
Presecna ravan.cpp(265): warning C4305: 'argument' : truncation from 'double' to 'GLfloat'
Presecna ravan.cpp(266): warning C4305: 'argument' : truncation from 'double' to 'GLfloat'
Presecna ravan.cpp(266): warning C4305: 'argument' : truncation from 'double' to 'GLfloat'
Presecna ravan.cpp(267): warning C4305: 'argument' : truncation from 'double' to 'GLfloat'
Presecna ravan.cpp(271): warning C4305: 'argument' : truncation from 'double' to 'GLfloat'
Presecna ravan.cpp(271): warning C4305: 'argument' : truncation from 'double' to 'GLfloat'
Presecna ravan.cpp(271): warning C4305: 'argument' : truncation from 'double' to 'GLfloat'
Presecna ravan.cpp(272): warning C4305: 'argument' : truncation from 'double' to 'GLfloat'
Presecna ravan.cpp(272): warning C4305: 'argument' : truncation from 'double' to 'GLfloat'
Presecna ravan.cpp(272): warning C4305: 'argument' : truncation from 'double' to 'GLfloat'
Presecna ravan.cpp(273): warning C4305: 'argument' : truncation from 'double' to 'GLfloat'
Presecna ravan.cpp(273): warning C4305: 'argument' : truncation from 'double' to 'GLfloat'
Presecna ravan.cpp(273): warning C4305: 'argument' : truncation from 'double' to 'GLfloat'
Presecna ravan.cpp(274): warning C4305: 'argument' : truncation from 'double' to 'GLfloat'
Presecna ravan.cpp(274): warning C4305: 'argument' : truncation from 'double' to 'GLfloat'
Presecna ravan.cpp(274): warning C4305: 'argument' : truncation from 'double' to 'GLfloat'
Presecna ravan.cpp(275): warning C4305: 'argument' : truncation from 'double' to 'GLfloat'
Presecna ravan.cpp(275): warning C4305: 'argument' : truncation from 'double' to 'GLfloat'
Presecna ravan.cpp(275): warning C4305: 'argument' : truncation from 'double' to 'GLfloat'
Presecna ravan.cpp(276): warning C4305: 'argument' : truncation from 'double' to 'GLfloat'
Presecna ravan.cpp(276): warning C4305: 'argument' : truncation from 'double' to 'GLfloat'
Presecna ravan.cpp(276): warning C4305: 'argument' : truncation from 'double' to 'GLfloat'
Presecna ravan.cpp(322): warning C4305: 'argument' : truncation from 'double' to 'GLfloat'
Presecna ravan.cpp(343): warning C4305: 'initializing' : truncation from 'double' to 'float'
Presecna ravan.cpp(343): warning C4305: 'initializing' : truncation from 'double' to 'float'
Presecna ravan.cpp(343): warning C4305: 'initializing' : truncation from 'double' to 'float'
Presecna ravan.cpp(374): warning C4305: 'argument' : truncation from 'double' to 'GLclampf'
Presecna ravan.cpp(374): warning C4305: 'argument' : truncation from 'double' to 'GLclampf'
Presecna ravan.cpp(374): warning C4305: 'argument' : truncation from 'double' to 'GLclampf'
Presecna ravan.cpp(374): warning C4305: 'argument' : truncation from 'double' to 'GLclampf'
  Generating code
  Finished generating code
  Presecna ravan.vcxproj -> C:\Users\Aca\Desktop\Presecna ravan\Release\Presecna ravan.exe
